15:12:40 **** Incremental Build of configuration Nios II for project final_proj_bsp ****
make all 
[BSP build complete]
15:12:47 **** Incremental Build of configuration Nios II for project final_proj ****
make all 
Info: Building ../final_proj_bsp/
C:/intelFPGA_lite/18.1/nios2eds/bin/gnu/H-x86_64-mingw32/bin/make --no-print-directory -C ../final_proj_bsp/
[BSP build complete]
[final_proj build complete]
15:12:49 **** Incremental Build of configuration Nios II for project final_proj_bsp ****
make all 
[BSP build complete]
15:13:44 **** Incremental Build of configuration Nios II for project final_proj ****
make all 
Info: Building ../final_proj_bsp/
C:/intelFPGA_lite/18.1/nios2eds/bin/gnu/H-x86_64-mingw32/bin/make --no-print-directory -C ../final_proj_bsp/
[BSP build complete]
[final_proj build complete]
15:15:10 **** Incremental Build of configuration Nios II for project final_proj ****
make all 
Info: Building ../final_proj_bsp/
C:/intelFPGA_lite/18.1/nios2eds/bin/gnu/H-x86_64-mingw32/bin/make --no-print-directory -C ../final_proj_bsp/
[BSP build complete]
[final_proj build complete]
15:18:22 **** Incremental Build of configuration Nios II for project final_proj ****
make all 
Info: Building ../final_proj_bsp/
C:/intelFPGA_lite/18.1/nios2eds/bin/gnu/H-x86_64-mingw32/bin/make --no-print-directory -C ../final_proj_bsp/
[BSP build complete]
[final_proj build complete]
15:18:25 **** Incremental Build of configuration Nios II for project final_proj_bsp ****
make all 
[BSP build complete]
15:23:54 **** Incremental Build of configuration Nios II for project final_proj ****
make all 
Info: Building ../final_proj_bsp/
C:/intelFPGA_lite/18.1/nios2eds/bin/gnu/H-x86_64-mingw32/bin/make --no-print-directory -C ../final_proj_bsp/
[BSP build complete]
[final_proj build complete]
15:23:57 **** Incremental Build of configuration Nios II for project final_proj_bsp ****
make all 
[BSP build complete]
15:24:22 **** Incremental Build of configuration Nios II for project final_proj ****
make all 
Info: Building ../final_proj_bsp/
C:/intelFPGA_lite/18.1/nios2eds/bin/gnu/H-x86_64-mingw32/bin/make --no-print-directory -C ../final_proj_bsp/
[BSP build complete]
[final_proj build complete]
15:25:44 **** Incremental Build of configuration Nios II for project final_proj ****
make all 
Info: Building ../final_proj_bsp/
C:/intelFPGA_lite/18.1/nios2eds/bin/gnu/H-x86_64-mingw32/bin/make --no-print-directory -C ../final_proj_bsp/
[BSP build complete]
[final_proj build complete]
15:34:22 **** Incremental Build of configuration Nios II for project final_proj ****
make all 
Info: Building ../final_proj_bsp/
C:/intelFPGA_lite/18.1/nios2eds/bin/gnu/H-x86_64-mingw32/bin/make --no-print-directory -C ../final_proj_bsp/
[BSP build complete]
[final_proj build complete]
15:34:25 **** Incremental Build of configuration Nios II for project final_proj_bsp ****
make all 
[BSP build complete]
15:35:05 **** Incremental Build of configuration Nios II for project final_proj ****
make all 
Info: Building ../final_proj_bsp/
C:/intelFPGA_lite/18.1/nios2eds/bin/gnu/H-x86_64-mingw32/bin/make --no-print-directory -C ../final_proj_bsp/
[BSP build complete]
[final_proj build complete]
15:35:07 **** Incremental Build of configuration Nios II for project final_proj_bsp ****
make all 
[BSP build complete]
15:37:55 **** Incremental Build of configuration Nios II for project final_proj ****
make all 
Info: Building ../final_proj_bsp/
C:/intelFPGA_lite/18.1/nios2eds/bin/gnu/H-x86_64-mingw32/bin/make --no-print-directory -C ../final_proj_bsp/
[BSP build complete]
[final_proj build complete]
15:50:52 **** Incremental Build of configuration Nios II for project final_proj ****
make all 
Info: Building ../final_proj_bsp/
C:/intelFPGA_lite/18.1/nios2eds/bin/gnu/H-x86_64-mingw32/bin/make --no-print-directory -C ../final_proj_bsp/
[BSP build complete]
[final_proj build complete]
15:51:06 **** Incremental Build of configuration Nios II for project final_proj_bsp ****
make all 
[BSP build complete]
15:52:32 **** Incremental Build of configuration Nios II for project final_proj ****
make all 
Info: Building ../final_proj_bsp/
C:/intelFPGA_lite/18.1/nios2eds/bin/gnu/H-x86_64-mingw32/bin/make --no-print-directory -C ../final_proj_bsp/
[BSP build complete]
[final_proj build complete]
16:00:35 **** Incremental Build of configuration Nios II for project final_proj ****
make all 
Info: Building ../final_proj_bsp/
C:/intelFPGA_lite/18.1/nios2eds/bin/gnu/H-x86_64-mingw32/bin/make --no-print-directory -C ../final_proj_bsp/
[BSP build complete]
[final_proj build complete]
16:00:37 **** Incremental Build of configuration Nios II for project final_proj_bsp ****
make all 
[BSP build complete]
16:01:15 **** Incremental Build of configuration Nios II for project final_proj ****
make all 
Info: Building ../final_proj_bsp/
C:/intelFPGA_lite/18.1/nios2eds/bin/gnu/H-x86_64-mingw32/bin/make --no-print-directory -C ../final_proj_bsp/
[BSP build complete]
[final_proj build complete]
16:02:46 **** Incremental Build of configuration Nios II for project final_proj ****
make all 
Info: Building ../final_proj_bsp/
C:/intelFPGA_lite/18.1/nios2eds/bin/gnu/H-x86_64-mingw32/bin/make --no-print-directory -C ../final_proj_bsp/
[BSP build complete]
[final_proj build complete]
16:04:56 **** Incremental Build of configuration Nios II for project final_proj ****
make all 
Info: Building ../final_proj_bsp/
C:/intelFPGA_lite/18.1/nios2eds/bin/gnu/H-x86_64-mingw32/bin/make --no-print-directory -C ../final_proj_bsp/
[BSP build complete]
[final_proj build complete]
16:04:59 **** Incremental Build of configuration Nios II for project final_proj_bsp ****
make all 
[BSP build complete]
16:05:41 **** Incremental Build of configuration Nios II for project final_proj ****
make all 
Info: Building ../final_proj_bsp/
C:/intelFPGA_lite/18.1/nios2eds/bin/gnu/H-x86_64-mingw32/bin/make --no-print-directory -C ../final_proj_bsp/
[BSP build complete]
[final_proj build complete]
16:06:40 **** Incremental Build of configuration Nios II for project final_proj ****
make all 
Info: Building ../final_proj_bsp/
C:/intelFPGA_lite/18.1/nios2eds/bin/gnu/H-x86_64-mingw32/bin/make --no-print-directory -C ../final_proj_bsp/
[BSP build complete]
[final_proj build complete]
16:08:39 **** Incremental Build of configuration Nios II for project final_proj ****
make all 
Info: Building ../final_proj_bsp/
C:/intelFPGA_lite/18.1/nios2eds/bin/gnu/H-x86_64-mingw32/bin/make --no-print-directory -C ../final_proj_bsp/
[BSP build complete]
[final_proj build complete]
16:08:41 **** Incremental Build of configuration Nios II for project final_proj_bsp ****
make all 
[BSP build complete]
16:09:09 **** Incremental Build of configuration Nios II for project final_proj ****
make all 
Info: Building ../final_proj_bsp/
C:/intelFPGA_lite/18.1/nios2eds/bin/gnu/H-x86_64-mingw32/bin/make --no-print-directory -C ../final_proj_bsp/
[BSP build complete]
[final_proj build complete]
16:10:05 **** Incremental Build of configuration Nios II for project final_proj ****
make all 
Info: Building ../final_proj_bsp/
C:/intelFPGA_lite/18.1/nios2eds/bin/gnu/H-x86_64-mingw32/bin/make --no-print-directory -C ../final_proj_bsp/
[BSP build complete]
[final_proj build complete]
16:11:43 **** Incremental Build of configuration Nios II for project final_proj ****
make all 
Info: Building ../final_proj_bsp/
C:/intelFPGA_lite/18.1/nios2eds/bin/gnu/H-x86_64-mingw32/bin/make --no-print-directory -C ../final_proj_bsp/
[BSP build complete]
[final_proj build complete]
16:11:47 **** Incremental Build of configuration Nios II for project final_proj_bsp ****
make all 
[BSP build complete]
16:12:22 **** Incremental Build of configuration Nios II for project final_proj ****
make all 
Info: Building ../final_proj_bsp/
C:/intelFPGA_lite/18.1/nios2eds/bin/gnu/H-x86_64-mingw32/bin/make --no-print-directory -C ../final_proj_bsp/
[BSP build complete]
[final_proj build complete]
16:13:24 **** Incremental Build of configuration Nios II for project final_proj ****
make all 
Info: Building ../final_proj_bsp/
C:/intelFPGA_lite/18.1/nios2eds/bin/gnu/H-x86_64-mingw32/bin/make --no-print-directory -C ../final_proj_bsp/
[BSP build complete]
[final_proj build complete]
16:13:26 **** Incremental Build of configuration Nios II for project final_proj_bsp ****
make all 
[BSP build complete]
16:13:58 **** Incremental Build of configuration Nios II for project final_proj ****
make all 
Info: Building ../final_proj_bsp/
C:/intelFPGA_lite/18.1/nios2eds/bin/gnu/H-x86_64-mingw32/bin/make --no-print-directory -C ../final_proj_bsp/
[BSP build complete]
[final_proj build complete]
16:15:10 **** Incremental Build of configuration Nios II for project final_proj ****
make all 
Info: Building ../final_proj_bsp/
C:/intelFPGA_lite/18.1/nios2eds/bin/gnu/H-x86_64-mingw32/bin/make --no-print-directory -C ../final_proj_bsp/
[BSP build complete]
[final_proj build complete]
16:17:44 **** Incremental Build of configuration Nios II for project final_proj ****
make all 
Info: Building ../final_proj_bsp/
C:/intelFPGA_lite/18.1/nios2eds/bin/gnu/H-x86_64-mingw32/bin/make --no-print-directory -C ../final_proj_bsp/
[BSP build complete]
[final_proj build complete]
16:17:48 **** Incremental Build of configuration Nios II for project final_proj_bsp ****
make all 
[BSP build complete]
16:18:06 **** Incremental Build of configuration Nios II for project final_proj ****
make all 
Info: Building ../final_proj_bsp/
C:/intelFPGA_lite/18.1/nios2eds/bin/gnu/H-x86_64-mingw32/bin/make --no-print-directory -C ../final_proj_bsp/
[BSP build complete]
[final_proj build complete]
16:19:26 **** Incremental Build of configuration Nios II for project final_proj ****
make all 
Info: Building ../final_proj_bsp/
C:/intelFPGA_lite/18.1/nios2eds/bin/gnu/H-x86_64-mingw32/bin/make --no-print-directory -C ../final_proj_bsp/
[BSP build complete]
[final_proj build complete]
16:21:14 **** Incremental Build of configuration Nios II for project final_proj ****
make all 
Info: Building ../final_proj_bsp/
C:/intelFPGA_lite/18.1/nios2eds/bin/gnu/H-x86_64-mingw32/bin/make --no-print-directory -C ../final_proj_bsp/
[BSP build complete]
[final_proj build complete]
16:21:16 **** Incremental Build of configuration Nios II for project final_proj_bsp ****
make all 
[BSP build complete]
16:22:01 **** Incremental Build of configuration Nios II for project final_proj ****
make all 
Info: Building ../final_proj_bsp/
C:/intelFPGA_lite/18.1/nios2eds/bin/gnu/H-x86_64-mingw32/bin/make --no-print-directory -C ../final_proj_bsp/
[BSP build complete]
[final_proj build complete]
16:23:00 **** Incremental Build of configuration Nios II for project final_proj ****
make all 
Info: Building ../final_proj_bsp/
C:/intelFPGA_lite/18.1/nios2eds/bin/gnu/H-x86_64-mingw32/bin/make --no-print-directory -C ../final_proj_bsp/
[BSP build complete]
[final_proj build complete]
